<?xml version="1.0" encoding="UTF-8"?>
<!-- Generated by org.testng.reporters.JUnitReportReporter -->
<testsuite hostname="yuki" failures="0" tests="1" name="com.example.PatentAutomationTest" time="9.182" errors="0" timestamp="2025-06-24T06:42:31 IST" skipped="0">
  <testcase classname="com.example.PatentAutomationTest" name="testPatentDateDifference" time="9.182"/>
</testsuite> <!-- com.example.PatentAutomationTest -->
